********************************************************************************
DUPLICATOR-LITE PACKAGE-LOG: 15 January 2024 19:51
NOTICE: Do NOT post to public sites or forums 
********************************************************************************
VERSION:	1.5.8
WORDPRESS:	6.4.2
PHP INFO:	8.1.23 | SAPI: litespeed
SERVER:		LiteSpeed 
PHP TIME LIMIT: (0) no time limit imposed 
PHP MAX MEMORY: 4294967296 (2048M default) 
MEMORY STACK: 28MB

********************************************************************************
DATABASE:
********************************************************************************
BUILD MODE:   MYSQLDUMP
MYSQLTIMEOUT: 5000
MYSQLDUMP:    Is Supported
SQL CREATED: 20240115_ohiopremierdistributioncom_137a928579339c5c9993_20240115195059_database.sql
SQL FILE SIZE: 20.8MB (21805473)
SQL FILE TIME: 2024-01-15 19:51:19
SQL RUNTIME: 0.30 sec.

********************************************************************************
ARCHIVE (ZIP):
********************************************************************************
ARCHIVE DIR:  /home/u481966938/domains/ohiopremierdistribution.com/public_html
ARCHIVE FILE: 20240115_ohiopremierdistributioncom_137a928579339c5c9993_20240115195059_archive.zip
FILTERS: *OFF*
DIRS:
	not set
FILES:
	not set
EXTS:  not set
----------------------------------------
COMPRESSING
SIZE:	331.85MB
STATS:	Dirs 2,709 | Files 15,297
SQL ADDED: 20240115_ohiopremierdistributioncom_137a928579339c5c9993_20240115195059_database.sql
ZipArchive Object
(
    [lastId] => 18005
    [status] => 0
    [statusSys] => 0
    [numFiles] => 18006
    [filename] => /home/u481966938/domains/ohiopremierdistribution.com/public_html/wp-content/backups-dup-lite/tmp/20240115_ohiopremierdistributioncom_137a928579339c5c9993_20240115195059_archive.zip
    [comment] => 
)

FILE ADDED TO ZIP: 18005
COMPRESSION RESULT: '1'
COMPRESSED SIZE: 196.81MB
ARCHIVE RUNTIME: 15.41 sec.
MEMORY STACK: 34.89MB
building installer
ARCHIVE CONSISTENCY TEST: PASS

********************************************************************************
INTEGRITY CHECKS:
********************************************************************************
SQL FILE: 20.8MB
INSTALLER FILE: 73.49KB
ARCHIVE FILE: 198.89MB 
EXPECTED FILE/DIRECTORY COUNT: 18,006
ACTUAL FILE/DIRECTORY COUNT: 18,005
ARCHIVE CONSISTENCY TEST: Pass

********************************************************************************
RECORD ID:[1]
TOTAL PROCESS RUNTIME: 16.80 sec.
PEAK PHP MEMORY USED: 38.89MB
DONE PROCESSING => 20240115_ohiopremierdistributioncom 15 January 2024 19:51

